<?xml version="1.0" encoding="UTF-8"?>
<!-- Generated by org.testng.reporters.JUnitReportReporter -->
<testsuite skipped="0" hostname="DESKTOP-JPFS87N" name="Excel.excelTest" tests="1" failures="0" timestamp="2020-08-24T10:15:21 IST" time="1.085" errors="0">
  <testcase name="exceldriven" time="1.085" classname="Excel.excelTest"/>
  <system-out/>
</testsuite> <!-- Excel.excelTest -->
